<?xml version="1.0" encoding="UTF-8"?>
<!-- Generated by org.testng.reporters.JUnitReportReporter -->
<testsuite hostname="SoumyaRaj" failures="0" tests="8" name="TestNG.InvocationCnt" time="0.017" errors="0" timestamp="2023-11-30T16:15:50 IST" skipped="1">
  <testcase classname="TestNG.InvocationCnt" name="index" time="0.010"/>
  <testcase classname="TestNG.InvocationCnt" name="Register" time="0.002"/>
  <testcase classname="TestNG.InvocationCnt" name="Register" time="0.001"/>
  <testcase classname="TestNG.InvocationCnt" name="Register" time="0.001"/>
  <testcase classname="TestNG.InvocationCnt" name="Register" time="0.001"/>
  <testcase classname="TestNG.InvocationCnt" name="Register" time="0.001"/>
  <testcase classname="TestNG.InvocationCnt" name="Admin_Login" time="0.001"/>
  <testcase classname="TestNG.InvocationCnt" name="User_Login">
    <skipped/>
  </testcase> <!-- User_Login -->
</testsuite> <!-- TestNG.InvocationCnt -->
