<?xml version="1.0" encoding="UTF-8"?>
<!-- Generated by org.testng.reporters.JUnitReportReporter -->
<testsuite hostname="SoumyaRaj" failures="0" tests="2" name="TestFramework.TestAnnotationExecution" time="0.027" errors="0" timestamp="2023-10-20T00:26:01 IST" skipped="0">
  <testcase classname="TestFramework.TestAnnotationExecution" name="Test_Method1" time="0.021"/>
  <testcase classname="TestFramework.TestAnnotationExecution" name="Test_Method2" time="0.006"/>
</testsuite> <!-- TestFramework.TestAnnotationExecution -->
