<?xml version="1.0" encoding="UTF-8"?>
<!-- Generated by org.testng.reporters.JUnitReportReporter -->
<testsuite hostname="SoumyaRaj" failures="0" tests="1" name="Day1.SimpleTestNGProgram" time="0.029" errors="0" timestamp="2023-10-18T16:24:09 IST" skipped="0">
  <testcase classname="Day1.SimpleTestNGProgram" name="Set_Title" time="0.029"/>
</testsuite> <!-- Day1.SimpleTestNGProgram -->
