<?xml version="1.0" encoding="UTF-8"?>
<!-- Generated by org.testng.reporters.JUnitReportReporter -->
<testsuite hostname="SoumyaRaj" failures="0" tests="2" name="TestFramework.Roomsoom$Testingroomsoom" time="27.235" errors="0" timestamp="2023-10-31T23:54:59 IST" skipped="0">
  <testcase classname="TestFramework.Roomsoom$Testingroomsoom" name="openurl" time="13.007"/>
  <testcase classname="TestFramework.Roomsoom$Testingroomsoom" name="testroomsoom" time="14.228"/>
</testsuite> <!-- TestFramework.Roomsoom$Testingroomsoom -->
