<?xml version="1.0" encoding="UTF-8"?>
<!-- Generated by org.testng.reporters.JUnitReportReporter -->
<testsuite hostname="SoumyaRaj" failures="0" tests="1" name="Day1.OpenUrl" time="7.468" errors="0" timestamp="2023-10-18T12:55:38 IST" skipped="0">
  <testcase classname="Day1.OpenUrl" name="Open_URL" time="7.468"/>
</testsuite> <!-- Day1.OpenUrl -->
