<?xml version="1.0" encoding="UTF-8"?>
<!-- Generated by org.testng.reporters.JUnitReportReporter -->
<testsuite hostname="SoumyaRaj" failures="0" tests="2" name="TestNG.Test_Annotation" time="5.487" errors="0" timestamp="2023-11-30T15:54:09 IST" skipped="0">
  <testcase classname="TestNG.Test_Annotation" name="Open_Browser" time="3.985"/>
  <testcase classname="TestNG.Test_Annotation" name="Open_URL" time="1.502"/>
</testsuite> <!-- TestNG.Test_Annotation -->
