<?xml version="1.0" encoding="UTF-8"?>
<!-- Generated by org.testng.reporters.JUnitReportReporter -->
<testsuite hostname="SoumyaRaj" failures="0" tests="2" name="TestFramework.AutomationExercise" time="10.741" errors="0" timestamp="2023-11-11T14:42:38 IST" skipped="0">
  <testcase classname="TestFramework.AutomationExercise" name="Signup_page" time="6.927"/>
  <testcase classname="TestFramework.AutomationExercise" name="ENTER_ACCOUNT_INFORMATION" time="3.814"/>
</testsuite> <!-- TestFramework.AutomationExercise -->
