<?xml version="1.0" encoding="UTF-8"?>
<!-- Generated by org.testng.reporters.JUnitReportReporter -->
<testsuite hostname="SoumyaRaj" failures="0" tests="2" name="Day1.TestAnnotationExecution" time="0.020" errors="0" timestamp="2023-10-18T19:43:58 IST" skipped="0">
  <testcase classname="Day1.TestAnnotationExecution" name="Test_Method1" time="0.017"/>
  <testcase classname="Day1.TestAnnotationExecution" name="Test_Method2" time="0.003"/>
</testsuite> <!-- Day1.TestAnnotationExecution -->
