<?xml version="1.0" encoding="UTF-8"?>
<!-- Generated by org.testng.reporters.JUnitReportReporter -->
<testsuite hostname="SoumyaRaj" failures="0" tests="4" name="Day1.PriorityTest" time="0.034" errors="0" timestamp="2023-10-19T10:54:52 IST" skipped="1">
  <testcase classname="Day1.PriorityTest" name="index" time="0.027"/>
  <testcase classname="Day1.PriorityTest" name="Register" time="0.004"/>
  <testcase classname="Day1.PriorityTest" name="Admin_Login" time="0.003"/>
  <testcase classname="Day1.PriorityTest" name="User_Login">
    <skipped/>
  </testcase> <!-- User_Login -->
</testsuite> <!-- Day1.PriorityTest -->
