<?xml version="1.0" encoding="UTF-8"?>
<!-- Generated by org.testng.reporters.JUnitReportReporter -->
<testsuite hostname="SoumyaRaj" failures="0" tests="1" name="Day1.ABC" time="10.799" errors="0" timestamp="2023-10-18T10:58:26 IST" skipped="0">
  <testcase classname="Day1.ABC" name="Open_URL" time="10.799"/>
</testsuite> <!-- Day1.ABC -->
