<?xml version="1.0" encoding="UTF-8"?>
<!-- Generated by org.testng.reporters.JUnitReportReporter -->
<testsuite hostname="SoumyaRaj" failures="0" tests="2" name="TestFramework.Testattribute" time="0.020" errors="0" timestamp="2023-10-19T20:38:34 IST" skipped="1">
  <testcase classname="TestFramework.Testattribute" name="Attribute_Test" time="0.020"/>
  <testcase classname="TestFramework.Testattribute" name="Attribute_Check">
    <skipped/>
  </testcase> <!-- Attribute_Check -->
</testsuite> <!-- TestFramework.Testattribute -->
